<?xml version="1.0" encoding="UTF-8"?>
<!-- Generated by org.testng.reporters.JUnitReportReporter -->
<testsuite skipped="0" hostname="LAPTOP-8RQVFFOA" name="multibrowser.InvokeBrowserDynamically" tests="1" failures="0" timestamp="2021-03-05T06:49:33 IST" time="17.921" errors="0">
  <testcase name="verifyFaceBookHomePage" time="17.921" classname="multibrowser.InvokeBrowserDynamically"/>
  <system-out/>
</testsuite> <!-- multibrowser.InvokeBrowserDynamically -->
