<?xml version="1.0" encoding="UTF-8"?>
<!-- Generated by org.testng.reporters.JUnitReportReporter -->
<testsuite skipped="0" hostname="LAPTOP-8RQVFFOA" name="multibrowser.InvokeBrowserDynamically" tests="2" failures="0" timestamp="10 Mar 2021 14:17:24 GMT" time="121.133" errors="0">
  <testcase name="verifyFaceBookHomePage" time="36.160" classname="multibrowser.InvokeBrowserDynamically"/>
  <testcase name="verifyFaceBookHomePage" time="84.973" classname="multibrowser.InvokeBrowserDynamically"/>
</testsuite> <!-- multibrowser.InvokeBrowserDynamically -->
